#
# A fatal error has been detected by the Java Runtime Environment:
#
#  EXCEPTION_ACCESS_VIOLATION (0xc0000005) at pc=0x0000000068cea0a5, pid=7368, tid=0x0000000000001678
#
# JRE version: Java(TM) SE Runtime Environment (8.0_101-b13) (build 1.8.0_101-b13)
# Java VM: Java HotSpot(TM) 64-Bit Server VM (25.101-b13 mixed mode windows-amd64 compressed oops)
# Problematic frame:
# V  [jvm.dll+0x12a0a5]
#
# Failed to write core dump. Minidumps are not enabled by default on client versions of Windows
#
# If you would like to submit a bug report, please visit:
#   http://bugreport.java.com/bugreport/crash.jsp
#

---------------  T H R E A D  ---------------

Current thread (0x0000000018b9b800):  JavaThread "JDWP Transport Listener: dt_socket" daemon [_thread_in_vm, id=5752, stack(0x0000000019760000,0x0000000019860000)]

siginfo: ExceptionCode=0xc0000005, reading address 0x00003b656c003b74

Registers:
RAX=0x000000001985f701, RBX=0x0000000018b9b800, RCX=0x00003b656c003b74, RDX=0x0000000000000000
RSP=0x000000001985f780, RBP=0x00003b656c003b74, RSI=0x000000001985f898, RDI=0x0000000002418ca0
R8 =0x0000000018b9b800, R9 =0x000000000000ff00, R10=0x0000000000000000, R11=0x000001d5008c00b9
R12=0x0000000000000000, R13=0x0000000018b9c688, R14=0x0000000000000000, R15=0x0000000000000000
RIP=0x0000000068cea0a5, EFLAGS=0x0000000000010206

Top of Stack: (sp=0x000000001985f780)
0x000000001985f780:   0000000018b9b800 0000000018b9b800
0x000000001985f790:   000000001985f848 0000000068ef2f0b
0x000000001985f7a0:   0000000018b9b800 0000000068f0f76d
0x000000001985f7b0:   0000000000000000 0000000073d89155
0x000000001985f7c0:   000000001d9e7590 0000000073d9291e
0x000000001985f7d0:   0000000018b9b800 0000000000000000
0x000000001985f7e0:   0000000000000000 0000000000000000
0x000000001985f7f0:   00003b656c003b74 0000000073d91a15
0x000000001985f800:   000000001985f898 000000001985f870
0x000000001985f810:   0000000000000001 000000001d9e7590
0x000000001985f820:   00003b656c003b74 0000000073d753b3
0x000000001985f830:   000000001985f960 0000000000000001
0x000000001985f840:   0000000000000001 000000001d9e7590
0x000000001985f850:   00000000f000100a 0000000000000000
0x000000001985f860:   0000000000000000 0000000000000000
0x000000001985f870:   0000000000000001 0000000073d75571 

Instructions: (pc=0x0000000068cea0a5)
0x0000000068cea085:   cc cc cc cc cc cc cc cc cc cc cc 48 83 ec 28 48
0x0000000068cea095:   85 c9 75 07 33 c0 48 83 c4 28 c3 48 89 5c 24 20
0x0000000068cea0a5:   48 8b 19 48 85 db 74 20 48 83 fb 37 74 1a 48 8b
0x0000000068cea0b5:   13 48 8b cb ff 52 10 84 c0 74 0d 48 8b c3 48 8b 


Register to memory mapping:

RAX=0x000000001985f701 is pointing into the stack for thread: 0x0000000018b9b800
RBX=0x0000000018b9b800 is a thread
RCX=0x00003b656c003b74 is an unknown value
RDX=0x0000000000000000 is an unknown value
RSP=0x000000001985f780 is pointing into the stack for thread: 0x0000000018b9b800
RBP=0x00003b656c003b74 is an unknown value
RSI=0x000000001985f898 is pointing into the stack for thread: 0x0000000018b9b800
RDI=0x0000000002418ca0 is an unknown value
R8 =0x0000000018b9b800 is a thread
R9 =0x000000000000ff00 is an unknown value
R10=0x0000000000000000 is an unknown value
R11=0x000001d5008c00b9 is an unknown value
R12=0x0000000000000000 is an unknown value
R13=0x0000000018b9c688 is an unknown value
R14=0x0000000000000000 is an unknown value
R15=0x0000000000000000 is an unknown value


Stack: [0x0000000019760000,0x0000000019860000],  sp=0x000000001985f780,  free space=1021k
Native frames: (J=compiled Java code, j=interpreted, Vv=VM code, C=native code)
V  [jvm.dll+0x12a0a5]
V  [jvm.dll+0x34f76d]
C  [jdwp.dll+0x21a15]
C  [jdwp.dll+0x53b3]
C  [jdwp.dll+0x5571]
C  [jdwp.dll+0xf0a8]
C  [jdwp.dll+0x1f2d5]
C  [jdwp.dll+0x1f4aa]
V  [jvm.dll+0x1bd258]
V  [jvm.dll+0x2451a4]
V  [jvm.dll+0x29c18a]
C  [msvcr100.dll+0x21d9f]
C  [msvcr100.dll+0x21e3b]
C  [kernel32.dll+0x159cd]
C  [ntdll.dll+0x2a561]


---------------  P R O C E S S  ---------------

Java Threads: ( => current thread )
  0x000000001ff54000 JavaThread "DestroyJavaVM" [_thread_blocked, id=3428, stack(0x0000000002600000,0x0000000002700000)]
  0x000000001ff53800 JavaThread "http-nio-8080-AsyncTimeout" daemon [_thread_blocked, id=8064, stack(0x0000000027230000,0x0000000027330000)]
  0x000000001ff52800 JavaThread "http-nio-8080-Acceptor-0" daemon [_thread_in_native, id=6952, stack(0x0000000027100000,0x0000000027200000)]
  0x000000001ff52000 JavaThread "http-nio-8080-ClientPoller-1" daemon [_thread_in_native, id=1508, stack(0x0000000026fa0000,0x00000000270a0000)]
  0x000000001ff51000 JavaThread "http-nio-8080-ClientPoller-0" daemon [_thread_in_native, id=6232, stack(0x0000000026e90000,0x0000000026f90000)]
  0x000000001ff50800 JavaThread "http-nio-8080-exec-10" daemon [_thread_blocked, id=1392, stack(0x00000000259e0000,0x0000000025ae0000)]
  0x000000001ff4f800 JavaThread "http-nio-8080-exec-9" daemon [_thread_blocked, id=7468, stack(0x0000000026c90000,0x0000000026d90000)]
  0x00000000202ae000 JavaThread "http-nio-8080-exec-8" daemon [_thread_blocked, id=9260, stack(0x0000000026b60000,0x0000000026c60000)]
  0x000000001a9f2000 JavaThread "http-nio-8080-exec-7" daemon [_thread_blocked, id=6440, stack(0x00000000258b0000,0x00000000259b0000)]
  0x0000000024a87800 JavaThread "http-nio-8080-exec-6" daemon [_thread_blocked, id=7748, stack(0x0000000025400000,0x0000000025500000)]
  0x000000001a1d5800 JavaThread "http-nio-8080-exec-5" daemon [_thread_blocked, id=1236, stack(0x00000000231c0000,0x00000000232c0000)]
  0x000000001c0dd800 JavaThread "http-nio-8080-exec-4" daemon [_thread_blocked, id=8364, stack(0x0000000025290000,0x0000000025390000)]
  0x0000000021eb4000 JavaThread "http-nio-8080-exec-3" daemon [_thread_blocked, id=4952, stack(0x00000000213b0000,0x00000000214b0000)]
  0x000000001aa80000 JavaThread "http-nio-8080-exec-2" daemon [_thread_blocked, id=8608, stack(0x0000000019ef0000,0x0000000019ff0000)]
  0x000000001c85c000 JavaThread "http-nio-8080-exec-1" daemon [_thread_blocked, id=10116, stack(0x0000000020aa0000,0x0000000020ba0000)]
  0x000000001a230000 JavaThread "NioBlockingSelector.BlockPoller-1" daemon [_thread_in_native, id=5656, stack(0x0000000021090000,0x0000000021190000)]
  0x000000001b38c000 JavaThread "container-0" [_thread_blocked, id=5704, stack(0x0000000020d10000,0x0000000020e10000)]
  0x0000000023bf2800 JavaThread "ContainerBackgroundProcessor[StandardEngine[Tomcat]]" daemon [_thread_blocked, id=8300, stack(0x0000000020ba0000,0x0000000020ca0000)]
  0x0000000018eee800 JavaThread "Service Thread" daemon [_thread_blocked, id=7600, stack(0x0000000019cd0000,0x0000000019dd0000)]
  0x0000000018eed800 JavaThread "C1 CompilerThread2" daemon [_thread_blocked, id=1288, stack(0x0000000019df0000,0x0000000019ef0000)]
  0x0000000018eb0800 JavaThread "C2 CompilerThread1" daemon [_thread_blocked, id=9768, stack(0x0000000019590000,0x0000000019690000)]
  0x0000000018eaf800 JavaThread "C2 CompilerThread0" daemon [_thread_blocked, id=9388, stack(0x0000000019130000,0x0000000019230000)]
  0x0000000018ba7800 JavaThread "JDWP Command Reader" daemon [_thread_in_native, id=8788, stack(0x0000000019b30000,0x0000000019c30000)]
  0x0000000018ba3000 JavaThread "JDWP Event Helper Thread" daemon [_thread_blocked, id=3452, stack(0x00000000199d0000,0x0000000019ad0000)]
=>0x0000000018b9b800 JavaThread "JDWP Transport Listener: dt_socket" daemon [_thread_in_vm, id=5752, stack(0x0000000019760000,0x0000000019860000)]
  0x0000000018b92800 JavaThread "Attach Listener" daemon [_thread_blocked, id=8588, stack(0x0000000019310000,0x0000000019410000)]
  0x0000000018b90800 JavaThread "Signal Dispatcher" daemon [_thread_blocked, id=4700, stack(0x0000000019030000,0x0000000019130000)]
  0x000000001789f800 JavaThread "Finalizer" daemon [_thread_blocked, id=9276, stack(0x0000000018a90000,0x0000000018b90000)]
  0x0000000017858800 JavaThread "Reference Handler" daemon [_thread_blocked, id=9320, stack(0x00000000188b0000,0x00000000189b0000)]

Other Threads:
  0x0000000017851000 VMThread [stack: 0x00000000187b0000,0x00000000188b0000] [id=7840]
  0x0000000018e65000 WatcherThread [stack: 0x000000001a010000,0x000000001a110000] [id=8740]

VM state:not at safepoint (normal execution)

VM Mutex/Monitor currently owned by a thread: None

Heap:
 PSYoungGen      total 224256K, used 58502K [0x0000000796600000, 0x00000007a5a80000, 0x00000007c0000000)
  eden space 211456K, 27% used [0x0000000796600000,0x0000000799f21820,0x00000007a3480000)
  from space 12800K, 0% used [0x00000007a4380000,0x00000007a4380000,0x00000007a5000000)
  to   space 15360K, 0% used [0x00000007a3480000,0x00000007a3480000,0x00000007a4380000)
 ParOldGen       total 91136K, used 17682K [0x0000000743200000, 0x0000000748b00000, 0x0000000796600000)
  object space 91136K, 19% used [0x0000000743200000,0x00000007443449d8,0x0000000748b00000)
 Metaspace       used 38111K, capacity 39696K, committed 39936K, reserved 1083392K
  class space    used 4765K, capacity 5079K, committed 5120K, reserved 1048576K

Card table byte_map: [0x0000000011ed0000,0x00000000122c0000] byte_map_base: 0x000000000e4b7000

Marking Bits: (ParMarkBitMap*) 0x00000000693da6d0
 Begin Bits: [0x0000000012c60000, 0x0000000014b98000)
 End Bits:   [0x0000000014b98000, 0x0000000016ad0000)

Polling page: 0x0000000000460000

CodeCache: size=245760Kb used=10787Kb max_used=11023Kb free=234972Kb
 bounds [0x0000000002b10000, 0x0000000003610000, 0x0000000011b10000]
 total_blobs=3870 nmethods=3425 adapters=366
 compilation: enabled

Compilation events (10 events):
Event: 108.645 Thread 0x0000000018eed800 3785       3       java.util.HashSet::isEmpty (8 bytes)
Event: 108.645 Thread 0x0000000018eed800 nmethod 3785 0x0000000002f56d50 code [0x0000000002f56ec0, 0x0000000002f57150]
Event: 124.902 Thread 0x0000000018eaf800 3786       4       java.util.ArrayList$Itr::<init> (26 bytes)
Event: 124.903 Thread 0x0000000018eaf800 nmethod 3786 0x0000000002f17d90 code [0x0000000002f17ec0, 0x0000000002f17f78]
Event: 125.678 Thread 0x0000000018eb0800 3787       4       java.util.ArrayList$Itr::<init> (6 bytes)
Event: 125.679 Thread 0x0000000018eb0800 nmethod 3787 0x0000000002f569d0 code [0x0000000002f56b00, 0x0000000002f56bd8]
Event: 125.803 Thread 0x0000000018eed800 3788       1       org.apache.tomcat.util.net.AbstractEndpoint::isPaused (5 bytes)
Event: 125.803 Thread 0x0000000018eed800 nmethod 3788 0x00000000031cb250 code [0x00000000031cb3a0, 0x00000000031cb4b0]
Event: 126.535 Thread 0x0000000018eed800 3789       1       org.apache.catalina.LifecycleState::isAvailable (5 bytes)
Event: 126.535 Thread 0x0000000018eed800 nmethod 3789 0x0000000002f79d10 code [0x0000000002f79e60, 0x0000000002f79f70]

GC Heap History (10 events):
Event: 3.137 GC heap before
{Heap before GC invocations=4 (full 0):
 PSYoungGen      total 70656K, used 70645K [0x0000000796600000, 0x000000079f000000, 0x00000007c0000000)
  eden space 65536K, 100% used [0x0000000796600000,0x000000079a600000,0x000000079a600000)
  from space 5120K, 99% used [0x000000079a600000,0x000000079aafd418,0x000000079ab00000)
  to   space 5120K, 0% used [0x000000079eb00000,0x000000079eb00000,0x000000079f000000)
 ParOldGen       total 86016K, used 1809K [0x0000000743200000, 0x0000000748600000, 0x0000000796600000)
  object space 86016K, 2% used [0x0000000743200000,0x00000007433c4450,0x0000000748600000)
 Metaspace       used 20770K, capacity 21200K, committed 21296K, reserved 1069056K
  class space    used 2563K, capacity 2685K, committed 2688K, reserved 1048576K
Event: 3.167 GC heap after
Heap after GC invocations=4 (full 0):
 PSYoungGen      total 136192K, used 5103K [0x0000000796600000, 0x000000079f000000, 0x00000007c0000000)
  eden space 131072K, 0% used [0x0000000796600000,0x0000000796600000,0x000000079e600000)
  from space 5120K, 99% used [0x000000079eb00000,0x000000079effbf28,0x000000079f000000)
  to   space 5120K, 0% used [0x000000079e600000,0x000000079e600000,0x000000079eb00000)
 ParOldGen       total 86016K, used 4890K [0x0000000743200000, 0x0000000748600000, 0x0000000796600000)
  object space 86016K, 5% used [0x0000000743200000,0x00000007436c6b00,0x0000000748600000)
 Metaspace       used 20770K, capacity 21200K, committed 21296K, reserved 1069056K
  class space    used 2563K, capacity 2685K, committed 2688K, reserved 1048576K
}
Event: 3.167 GC heap before
{Heap before GC invocations=5 (full 1):
 PSYoungGen      total 136192K, used 5103K [0x0000000796600000, 0x000000079f000000, 0x00000007c0000000)
  eden space 131072K, 0% used [0x0000000796600000,0x0000000796600000,0x000000079e600000)
  from space 5120K, 99% used [0x000000079eb00000,0x000000079effbf28,0x000000079f000000)
  to   space 5120K, 0% used [0x000000079e600000,0x000000079e600000,0x000000079eb00000)
 ParOldGen       total 86016K, used 4890K [0x0000000743200000, 0x0000000748600000, 0x0000000796600000)
  object space 86016K, 5% used [0x0000000743200000,0x00000007436c6b00,0x0000000748600000)
 Metaspace       used 20770K, capacity 21200K, committed 21296K, reserved 1069056K
  class space    used 2563K, capacity 2685K, committed 2688K, reserved 1048576K
Event: 3.226 GC heap after
Heap after GC invocations=5 (full 1):
 PSYoungGen      total 136192K, used 0K [0x0000000796600000, 0x000000079f000000, 0x00000007c0000000)
  eden space 131072K, 0% used [0x0000000796600000,0x0000000796600000,0x000000079e600000)
  from space 5120K, 0% used [0x000000079eb00000,0x000000079eb00000,0x000000079f000000)
  to   space 5120K, 0% used [0x000000079e600000,0x000000079e600000,0x000000079eb00000)
 ParOldGen       total 55296K, used 7998K [0x0000000743200000, 0x0000000746800000, 0x0000000796600000)
  object space 55296K, 14% used [0x0000000743200000,0x00000007439cf800,0x0000000746800000)
 Metaspace       used 20768K, capacity 21194K, committed 21296K, reserved 1069056K
  class space    used 2563K, capacity 2684K, committed 2688K, reserved 1048576K
}
Event: 5.772 GC heap before
{Heap before GC invocations=6 (full 1):
 PSYoungGen      total 136192K, used 131072K [0x0000000796600000, 0x000000079f000000, 0x00000007c0000000)
  eden space 131072K, 100% used [0x0000000796600000,0x000000079e600000,0x000000079e600000)
  from space 5120K, 0% used [0x000000079eb00000,0x000000079eb00000,0x000000079f000000)
  to   space 5120K, 0% used [0x000000079e600000,0x000000079e600000,0x000000079eb00000)
 ParOldGen       total 55296K, used 7998K [0x0000000743200000, 0x0000000746800000, 0x0000000796600000)
  object space 55296K, 14% used [0x0000000743200000,0x00000007439cf800,0x0000000746800000)
 Metaspace       used 29858K, capacity 31012K, committed 31232K, reserved 1077248K
  class space    used 3746K, capacity 3995K, committed 4096K, reserved 1048576K
Event: 5.791 GC heap after
Heap after GC invocations=6 (full 1):
 PSYoungGen      total 136192K, used 5100K [0x0000000796600000, 0x00000007a5000000, 0x00000007c0000000)
  eden space 131072K, 0% used [0x0000000796600000,0x0000000796600000,0x000000079e600000)
  from space 5120K, 99% used [0x000000079e600000,0x000000079eafb050,0x000000079eb00000)
  to   space 12800K, 0% used [0x00000007a4380000,0x00000007a4380000,0x00000007a5000000)
 ParOldGen       total 55296K, used 14489K [0x0000000743200000, 0x0000000746800000, 0x0000000796600000)
  object space 55296K, 26% used [0x0000000743200000,0x0000000744026490,0x0000000746800000)
 Metaspace       used 29858K, capacity 31012K, committed 31232K, reserved 1077248K
  class space    used 3746K, capacity 3995K, committed 4096K, reserved 1048576K
}
Event: 7.972 GC heap before
{Heap before GC invocations=7 (full 1):
 PSYoungGen      total 136192K, used 91117K [0x0000000796600000, 0x00000007a5000000, 0x00000007c0000000)
  eden space 131072K, 65% used [0x0000000796600000,0x000000079ba004d8,0x000000079e600000)
  from space 5120K, 99% used [0x000000079e600000,0x000000079eafb050,0x000000079eb00000)
  to   space 12800K, 0% used [0x00000007a4380000,0x00000007a4380000,0x00000007a5000000)
 ParOldGen       total 55296K, used 14489K [0x0000000743200000, 0x0000000746800000, 0x0000000796600000)
  object space 55296K, 26% used [0x0000000743200000,0x0000000744026490,0x0000000746800000)
 Metaspace       used 34065K, capacity 35432K, committed 35496K, reserved 1081344K
  class space    used 4260K, capacity 4547K, committed 4608K, reserved 1048576K
Event: 8.104 GC heap after
Heap after GC invocations=7 (full 1):
 PSYoungGen      total 224256K, used 12740K [0x0000000796600000, 0x00000007a5a80000, 0x00000007c0000000)
  eden space 211456K, 0% used [0x0000000796600000,0x0000000796600000,0x00000007a3480000)
  from space 12800K, 99% used [0x00000007a4380000,0x00000007a4ff1080,0x00000007a5000000)
  to   space 15360K, 0% used [0x00000007a3480000,0x00000007a3480000,0x00000007a4380000)
 ParOldGen       total 55296K, used 14489K [0x0000000743200000, 0x0000000746800000, 0x0000000796600000)
  object space 55296K, 26% used [0x0000000743200000,0x0000000744026490,0x0000000746800000)
 Metaspace       used 34065K, capacity 35432K, committed 35496K, reserved 1081344K
  class space    used 4260K, capacity 4547K, committed 4608K, reserved 1048576K
}
Event: 8.104 GC heap before
{Heap before GC invocations=8 (full 2):
 PSYoungGen      total 224256K, used 12740K [0x0000000796600000, 0x00000007a5a80000, 0x00000007c0000000)
  eden space 211456K, 0% used [0x0000000796600000,0x0000000796600000,0x00000007a3480000)
  from space 12800K, 99% used [0x00000007a4380000,0x00000007a4ff1080,0x00000007a5000000)
  to   space 15360K, 0% used [0x00000007a3480000,0x00000007a3480000,0x00000007a4380000)
 ParOldGen       total 55296K, used 14489K [0x0000000743200000, 0x0000000746800000, 0x0000000796600000)
  object space 55296K, 26% used [0x0000000743200000,0x0000000744026490,0x0000000746800000)
 Metaspace       used 34065K, capacity 35432K, committed 35496K, reserved 1081344K
  class space    used 4260K, capacity 4547K, committed 4608K, reserved 1048576K
Event: 8.471 GC heap after
Heap after GC invocations=8 (full 2):
 PSYoungGen      total 224256K, used 0K [0x0000000796600000, 0x00000007a5a80000, 0x00000007c0000000)
  eden space 211456K, 0% used [0x0000000796600000,0x0000000796600000,0x00000007a3480000)
  from space 12800K, 0% used [0x00000007a4380000,0x00000007a4380000,0x00000007a5000000)
  to   space 15360K, 0% used [0x00000007a3480000,0x00000007a3480000,0x00000007a4380000)
 ParOldGen       total 91136K, used 17682K [0x0000000743200000, 0x0000000748b00000, 0x0000000796600000)
  object space 91136K, 19% used [0x0000000743200000,0x00000007443449d8,0x0000000748b00000)
 Metaspace       used 34065K, capacity 35432K, committed 35496K, reserved 1081344K
  class space    used 4260K, capacity 4547K, committed 4608K, reserved 1048576K
}

Deoptimization events (10 events):
Event: 8.679 Thread 0x000000000232a800 Uncommon trap: reason=range_check action=none pc=0x0000000002ecc3e4 method=sun.reflect.generics.parser.SignatureParser.current()C @ 34
Event: 33.941 Thread 0x0000000024a87800 Uncommon trap: reason=class_check action=maybe_recompile pc=0x00000000034e02b8 method=java.util.Properties$LineReader.readLine()I @ 62
Event: 33.941 Thread 0x0000000024a87800 Uncommon trap: reason=class_check action=maybe_recompile pc=0x00000000034e02b8 method=java.util.Properties$LineReader.readLine()I @ 62
Event: 34.062 Thread 0x0000000024a87800 Uncommon trap: reason=bimorphic action=maybe_recompile pc=0x0000000002d9b1bc method=java.net.URL.<init>(Ljava/net/URL;Ljava/lang/String;Ljava/net/URLStreamHandler;)V @ 504
Event: 34.067 Thread 0x0000000024a87800 Uncommon trap: reason=unstable_if action=reinterpret pc=0x0000000002d9b71c method=sun.net.www.protocol.jar.Handler.parseURL(Ljava/net/URL;Ljava/lang/String;II)V @ 94
Event: 34.076 Thread 0x0000000024a87800 Uncommon trap: reason=class_check action=maybe_recompile pc=0x00000000034e02b8 method=java.util.Properties$LineReader.readLine()I @ 62
Event: 34.076 Thread 0x0000000024a87800 Uncommon trap: reason=class_check action=maybe_recompile pc=0x00000000034e02e8 method=java.util.Properties$LineReader.readLine()I @ 410
Event: 34.076 Thread 0x0000000024a87800 Uncommon trap: reason=class_check action=maybe_recompile pc=0x00000000034e02b8 method=java.util.Properties$LineReader.readLine()I @ 62
Event: 34.168 Thread 0x0000000024a87800 Uncommon trap: reason=unstable_if action=reinterpret pc=0x00000000034b0a8c method=java.util.Arrays.equals([B[B)Z @ 12
Event: 35.415 Thread 0x0000000024a87800 Uncommon trap: reason=unstable_if action=reinterpret pc=0x0000000002d0a6ec method=java.net.URLStreamHandler.toExternalForm(Ljava/net/URL;)Ljava/lang/String; @ 24

Internal exceptions (10 events):
Event: 7.778 Thread 0x000000000232a800 Exception <a 'java/lang/ArrayIndexOutOfBoundsException': 97> (0x000000079b260918) thrown at [C:\re\workspace\8-2-build-windows-amd64-cygwin\jdk8u101\7261\hotspot\src\share\vm\interpreter\interpreterRuntime.cpp, line 366]
Event: 7.778 Thread 0x000000000232a800 Exception <a 'java/lang/ArrayIndexOutOfBoundsException': 63> (0x000000079b262d60) thrown at [C:\re\workspace\8-2-build-windows-amd64-cygwin\jdk8u101\7261\hotspot\src\share\vm\interpreter\interpreterRuntime.cpp, line 366]
Event: 7.778 Thread 0x000000000232a800 Exception <a 'java/lang/ArrayIndexOutOfBoundsException': 40> (0x000000079b2649a0) thrown at [C:\re\workspace\8-2-build-windows-amd64-cygwin\jdk8u101\7261\hotspot\src\share\vm\interpreter\interpreterRuntime.cpp, line 366]
Event: 7.779 Thread 0x000000000232a800 Exception <a 'java/lang/ArrayIndexOutOfBoundsException': 47> (0x000000079b265f90) thrown at [C:\re\workspace\8-2-build-windows-amd64-cygwin\jdk8u101\7261\hotspot\src\share\vm\interpreter\interpreterRuntime.cpp, line 366]
Event: 7.828 Thread 0x000000000232a800 Exception <a 'java/lang/ArrayIndexOutOfBoundsException': 137> (0x000000079b442950) thrown at [C:\re\workspace\8-2-build-windows-amd64-cygwin\jdk8u101\7261\hotspot\src\share\vm\interpreter\interpreterRuntime.cpp, line 366]
Event: 8.599 Thread 0x000000000232a800 Exception <a 'java/lang/ArrayIndexOutOfBoundsException': 234> (0x0000000796c14730) thrown at [C:\re\workspace\8-2-build-windows-amd64-cygwin\jdk8u101\7261\hotspot\src\share\vm\interpreter\interpreterRuntime.cpp, line 366]
Event: 8.678 Thread 0x000000000232a800 Exception <a 'java/lang/ArrayIndexOutOfBoundsException': 323> (0x0000000796ee2d28) thrown at [C:\re\workspace\8-2-build-windows-amd64-cygwin\jdk8u101\7261\hotspot\src\share\vm\interpreter\interpreterRuntime.cpp, line 366]
Event: 8.678 Thread 0x000000000232a800 Exception <a 'java/lang/ArrayIndexOutOfBoundsException': 40> (0x0000000796ee3ce8) thrown at [C:\re\workspace\8-2-build-windows-amd64-cygwin\jdk8u101\7261\hotspot\src\share\vm\interpreter\interpreterRuntime.cpp, line 366]
Event: 8.679 Thread 0x000000000232a800 Exception <a 'java/lang/ArrayIndexOutOfBoundsException': 126> (0x0000000796ee5d08) thrown at [C:\re\workspace\8-2-build-windows-amd64-cygwin\jdk8u101\7261\hotspot\src\share\vm\interpreter\interpreterRuntime.cpp, line 366]
Event: 34.168 Thread 0x0000000024a87800 Implicit null exception at 0x00000000034b091d to 0x00000000034b0a79

Events (10 events):
Event: 125.678 loading class java/util/ArrayList$1
Event: 125.678 loading class java/util/ArrayList$1 done
Event: 125.680 Thread 0x0000000018eb0800 flushing nmethod 0x0000000002ec9710
Event: 125.803 Thread 0x0000000018eed800 flushing nmethod 0x0000000002f79d10
Event: 134.516 Executing VM operation: ChangeBreakpoints
Event: 134.516 Executing VM operation: ChangeBreakpoints done
Event: 134.517 Executing VM operation: ChangeBreakpoints
Event: 134.517 Executing VM operation: ChangeBreakpoints done
Event: 134.620 Executing VM operation: RedefineClasses
Event: 134.654 Executing VM operation: RedefineClasses done


Dynamic libraries:
0x000000013ff60000 - 0x000000013ff97000 	C:\Program Files\Java\jdk1.8.0_101\bin\javaw.exe
0x0000000076db0000 - 0x0000000076f5a000 	C:\Windows\SYSTEM32\ntdll.dll
0x0000000076c90000 - 0x0000000076daf000 	C:\Windows\system32\kernel32.dll
0x000007fefce20000 - 0x000007fefce8a000 	C:\Windows\system32\KERNELBASE.dll
0x000007fefd230000 - 0x000007fefd30b000 	C:\Windows\system32\ADVAPI32.dll
0x000007fefdd20000 - 0x000007fefddbf000 	C:\Windows\system32\msvcrt.dll
0x000007feff0a0000 - 0x000007feff0bf000 	C:\Windows\SYSTEM32\sechost.dll
0x000007fefef70000 - 0x000007feff09d000 	C:\Windows\system32\RPCRT4.dll
0x0000000076b90000 - 0x0000000076c8a000 	C:\Windows\system32\USER32.dll
0x000007fefd800000 - 0x000007fefd867000 	C:\Windows\system32\GDI32.dll
0x000007fefd340000 - 0x000007fefd34e000 	C:\Windows\system32\LPK.dll
0x000007fefed40000 - 0x000007fefee0a000 	C:\Windows\system32\USP10.dll
0x000007fefb580000 - 0x000007fefb774000 	C:\Windows\WinSxS\amd64_microsoft.windows.common-controls_6595b64144ccf1df_6.0.7601.18837_none_fa3b1e3d17594757\COMCTL32.dll
0x000007fefee10000 - 0x000007fefee81000 	C:\Windows\system32\SHLWAPI.dll
0x000007fefd310000 - 0x000007fefd33e000 	C:\Windows\system32\IMM32.DLL
0x000007fefda10000 - 0x000007fefdb19000 	C:\Windows\system32\MSCTF.dll
0x000007feeb260000 - 0x000007feeb310000 	C:\Program Files\McAfee\Endpoint Security\Threat Prevention\Ips\EpMPApi.dll
0x000007fefcd60000 - 0x000007fefcd9b000 	C:\Windows\system32\WINTRUST.dll
0x000007fefcbf0000 - 0x000007fefcd5d000 	C:\Windows\system32\CRYPT32.dll
0x000007fefcb70000 - 0x000007fefcb7f000 	C:\Windows\system32\MSASN1.dll
0x000000006c510000 - 0x000000006c51c000 	C:\Program Files\McAfee\Endpoint Security\Threat Prevention\Ips\EpMPThe.dll
0x0000000073100000 - 0x00000000731d2000 	C:\Program Files\Java\jdk1.8.0_101\jre\bin\msvcr100.dll
0x0000000068bc0000 - 0x000000006945a000 	C:\Program Files\Java\jdk1.8.0_101\jre\bin\server\jvm.dll
0x000007fef6280000 - 0x000007fef6289000 	C:\Windows\system32\WSOCK32.dll
0x000007fefecf0000 - 0x000007fefed3d000 	C:\Windows\system32\WS2_32.dll
0x000007fefda00000 - 0x000007fefda08000 	C:\Windows\system32\NSI.dll
0x000007fefaa90000 - 0x000007fefaacb000 	C:\Windows\system32\WINMM.dll
0x000007fefbc40000 - 0x000007fefbc4c000 	C:\Windows\system32\VERSION.dll
0x0000000076f80000 - 0x0000000076f87000 	C:\Windows\system32\PSAPI.DLL
0x0000000074210000 - 0x000000007421f000 	C:\Program Files\Java\jdk1.8.0_101\jre\bin\verify.dll
0x0000000073db0000 - 0x0000000073dd9000 	C:\Program Files\Java\jdk1.8.0_101\jre\bin\java.dll
0x0000000073d70000 - 0x0000000073da5000 	C:\Program Files\Java\jdk1.8.0_101\jre\bin\jdwp.dll
0x0000000074260000 - 0x0000000074268000 	C:\Program Files\Java\jdk1.8.0_101\jre\bin\npt.dll
0x0000000073d40000 - 0x0000000073d63000 	C:\Program Files\Java\jdk1.8.0_101\jre\bin\instrument.dll
0x0000000073d20000 - 0x0000000073d36000 	C:\Program Files\Java\jdk1.8.0_101\jre\bin\zip.dll
0x000007fefddc0000 - 0x000007fefeb4a000 	C:\Windows\system32\SHELL32.dll
0x000007fefdb20000 - 0x000007fefdd1c000 	C:\Windows\system32\ole32.dll
0x000007fefcb80000 - 0x000007fefcb8f000 	C:\Windows\system32\profapi.dll
0x0000000074200000 - 0x0000000074209000 	C:\Program Files\Java\jdk1.8.0_101\jre\bin\dt_socket.dll
0x000007fefa980000 - 0x000007fefa995000 	C:\Windows\system32\NLAapi.dll
0x000007fef94f0000 - 0x000007fef9505000 	C:\Windows\system32\napinsp.dll
0x000007fef9510000 - 0x000007fef9529000 	C:\Windows\system32\pnrpnsp.dll
0x000007fefc300000 - 0x000007fefc355000 	C:\Windows\System32\mswsock.dll
0x000007fefc180000 - 0x000007fefc1db000 	C:\Windows\system32\DNSAPI.dll
0x000007fef94e0000 - 0x000007fef94eb000 	C:\Windows\System32\winrnr.dll
0x000007fefa570000 - 0x000007fefa597000 	C:\Windows\system32\IPHLPAPI.DLL
0x000007fefa560000 - 0x000007fefa56b000 	C:\Windows\system32\WINNSI.DLL
0x000007fefa420000 - 0x000007fefa473000 	C:\Windows\System32\fwpuclnt.dll
0x000007fef9960000 - 0x000007fef9968000 	C:\Windows\system32\rasadhlp.dll
0x000007fefbd10000 - 0x000007fefbd17000 	C:\Windows\System32\wshtcpip.dll
0x0000000073d10000 - 0x0000000073d1d000 	C:\Program Files\Java\jdk1.8.0_101\jre\bin\management.dll
0x0000000073cd0000 - 0x0000000073cea000 	C:\Program Files\Java\jdk1.8.0_101\jre\bin\net.dll
0x000007fefc2f0000 - 0x000007fefc2f7000 	C:\Windows\System32\wship6.dll
0x0000000073cb0000 - 0x0000000073cc1000 	C:\Program Files\Java\jdk1.8.0_101\jre\bin\nio.dll
0x000007fefc360000 - 0x000007fefc378000 	C:\Windows\system32\CRYPTSP.dll
0x000007fefc060000 - 0x000007fefc0a7000 	C:\Windows\system32\rsaenh.dll
0x000007fefcdf0000 - 0x000007fefce0e000 	C:\Windows\system32\USERENV.dll
0x000007fefca10000 - 0x000007fefca1f000 	C:\Windows\system32\CRYPTBASE.dll
0x000007fefa270000 - 0x000007fefa281000 	C:\Windows\system32\dhcpcsvc6.DLL
0x000007fef9f70000 - 0x000007fef9f88000 	C:\Windows\system32\dhcpcsvc.DLL
0x0000000073c80000 - 0x0000000073ca4000 	C:\Program Files\Java\jdk1.8.0_101\jre\bin\sunec.dll
0x0000000074150000 - 0x000000007415b000 	C:\Program Files\Java\jdk1.8.0_101\jre\bin\sunmscapi.dll
0x000007fef6a90000 - 0x000007fef6bb5000 	C:\Windows\system32\dbghelp.dll

VM Arguments:
jvm_args: -agentlib:jdwp=transport=dt_socket,suspend=y,address=localhost:60205 -javaagent:C:\Users\saurav.kumar\eclipse\jee-2018-09\eclipse\configuration\org.eclipse.osgi\419\0\.cp\lib\javaagent-shaded.jar -Dfile.encoding=UTF-8 
java_command: com.example.demo.DemoApplication
java_class_path (initial): C:\Users\saurav.kumar\Desktop\consumingApi\target\classes;C:\Users\saurav.kumar\.m2\repository\org\springframework\boot\spring-boot-starter-web\2.1.0.RELEASE\spring-boot-starter-web-2.1.0.RELEASE.jar;C:\Users\saurav.kumar\.m2\repository\org\springframework\boot\spring-boot-starter\2.1.0.RELEASE\spring-boot-starter-2.1.0.RELEASE.jar;C:\Users\saurav.kumar\.m2\repository\org\springframework\boot\spring-boot\2.1.0.RELEASE\spring-boot-2.1.0.RELEASE.jar;C:\Users\saurav.kumar\.m2\repository\org\springframework\boot\spring-boot-autoconfigure\2.1.0.RELEASE\spring-boot-autoconfigure-2.1.0.RELEASE.jar;C:\Users\saurav.kumar\.m2\repository\org\springframework\boot\spring-boot-starter-logging\2.1.0.RELEASE\spring-boot-starter-logging-2.1.0.RELEASE.jar;C:\Users\saurav.kumar\.m2\repository\ch\qos\logback\logback-classic\1.2.3\logback-classic-1.2.3.jar;C:\Users\saurav.kumar\.m2\repository\ch\qos\logback\logback-core\1.2.3\logback-core-1.2.3.jar;C:\Users\saurav.kumar\.m2\repository\org\apache\logging\log4j\log4j-to-slf4j\2.11.1\log4j-to-slf4j-2.11.1.jar;C:\Users\saurav.kumar\.m2\repository\org\apache\logging\log4j\log4j-api\2.11.1\log4j-api-2.11.1.jar;C:\Users\saurav.kumar\.m2\repository\org\slf4j\jul-to-slf4j\1.7.25\jul-to-slf4j-1.7.25.jar;C:\Users\saurav.kumar\.m2\repository\javax\annotation\javax.annotation-api\1.3.2\javax.annotation-api-1.3.2.jar;C:\Users\saurav.kumar\.m2\repository\org\yaml\snakeyaml\1.23\snakeyaml-1.23.jar;C:\Users\saurav.kumar\.m2\repository\org\springframework\boot\spring-boot-starter-json\2.1.0.RELEASE\spring-boot-starter-json-2.1.0.RELEASE.jar;C:\Users\saurav.kumar\.m2\repository\com\fasterxml\jackson\core\jackson-databind\2.9.7\jackson-databind-2.9.7.jar;C:\Users\saurav.kumar\.m2\repository\com\fasterxml\jackson\core\jackson-annotations\2.9.0\jackson-annotations-2.9.0.jar;C:\Users\saurav.kumar\.m2\repository\com\fasterxml\jackson\core\jackson-core\2.9.7\jackson-core-2.9.7.jar;C:\Users\saurav.kumar\.m2\repository\com\fasterxml\j
Launcher Type: SUN_STANDARD

Environment Variables:
JAVA_HOME=C:\Program Files\Java\jdk1.8.0_101
PATH=C:\Program Files\Java\jdk1.8.0_101\jre\bin;C:/Program Files/Java/jre1.8.0_101/bin/server;C:/Program Files/Java/jre1.8.0_101/bin;C:/Program Files/Java/jre1.8.0_101/lib/amd64;C:\ProgramData\Oracle\Java\javapath;C:\Windows\system32;C:\Windows;C:\Windows\System32\Wbem;C:\Windows\System32\WindowsPowerShell\v1.0\;C:\Program Files\Intel\DMIX;C:\Program Files\Java\jdk1.8.0_101\bin;C:\Program Files\Git\cmd;C:\Program Files\Microsoft VS Code\bin;C:\Program Files\nodejs;C:\httpd-2.4.34-win64-VC15\Apache24\bin\;C:\Users\admin\Downloads\zookeeper-3.4.12\bin;C:\Windows\System32;C:\apache-maven-3.5.4\bin;C:\ProgramData\Oracle\Java\javapath;C:\Windows\system32;C:\Windows;C:\Windows\System32\Wbem;C:\Windows\System32\WindowsPowerShell\v1.0\;C:\Program Files\Intel\DMIX;C:\Program Files\Java\jdk1.8.0_101\bin;C:\Program Files\Git\cmd;C:\Program Files\Microsoft VS Code\bin;C:\Program Files\nodejs;C:\httpd-2.4.34-win64-VC15\Apache24\bin\;C:\Users\admin\Downloads\zookeeper-3.4.12\bin;C:\Windows\System32;;C:\Users\saurav.kumar\AppData\Roaming\npm;C:\Users\saurav.kumar\Desktop;
USERNAME=saurav.kumar
OS=Windows_NT
PROCESSOR_IDENTIFIER=Intel64 Family 6 Model 37 Stepping 5, GenuineIntel



---------------  S Y S T E M  ---------------

OS: Windows 7 , 64 bit Build 7601 (6.1.7601.23714)

CPU:total 4 (2 cores per cpu, 2 threads per core) family 6 model 37 stepping 5, cmov, cx8, fxsr, mmx, sse, sse2, sse3, ssse3, sse4.1, sse4.2, popcnt, ht, tsc, tscinvbit

Memory: 4k page, physical 8181064k(1617924k free), swap 16360268k(8790940k free)

vm_info: Java HotSpot(TM) 64-Bit Server VM (25.101-b13) for windows-amd64 JRE (1.8.0_101-b13), built on Jun 22 2016 01:21:29 by "java_re" with MS VC++ 10.0 (VS2010)

time: Tue Nov 13 16:48:55 2018
elapsed time: 134 seconds (0d 0h 2m 14s)

